<?xml version='1.0' encoding='UTF-8'?>
<testsuite hostname="C02C98BDMD6M" name="cafeSpec" tests="4" errors="0" failures="0" skipped="0" time="0.013" timestamp="2020-08-26T09:49:06">
                     <properties>
[...]
</properties>
                     <testcase classname="cafeSpec" name="total bill should be £1.50" time="0.013">
                                                 
                                               </testcase><testcase classname="cafeSpec" name="total bill should be £3.30" time="0.0">
                                                 
                                               </testcase><testcase classname="cafeSpec" name="total bill should be £6.60" time="0.0">
                                                 
                                               </testcase><testcase classname="cafeSpec" name="total bill should be £137.00" time="0.0">
                                                 
                                               </testcase>
                     <system-out><![CDATA[]]></system-out>
                     <system-err><![CDATA[]]></system-err>
                   </testsuite>